<?xml version="1.0" encoding="UTF-8"?>
<!-- Generated by org.testng.reporters.JUnitReportReporter -->
<testsuite skipped="0" hostname="VAIO" name="com.testngtest.AmazonTestng" tests="2" failures="0" timestamp="13 Nov 2018 02:24:55 GMT" time="13.867" errors="0">
  <testcase name="amazonLogin" time="13.724" classname="com.testngtest.AmazonTestng"/>
  <testcase name="loginValidation" time="0.143" classname="com.testngtest.AmazonTestng"/>
</testsuite> <!-- com.testngtest.AmazonTestng -->
