<?xml version="1.0" encoding="UTF-8"?>
<!-- Generated by org.testng.reporters.JUnitReportReporter -->
<testsuite skipped="0" hostname="TUANNGUYEN-PC" name="com.runner.AmazonTestNgRunner" tests="1" failures="0" timestamp="13 Nov 2018 05:29:48 GMT" time="31.630" errors="0">
  <testcase name="feature" time="31.630" classname="com.runner.AmazonTestNgRunner"/>
</testsuite> <!-- com.runner.AmazonTestNgRunner -->
